IP Upgrade report for C64mod
Mon Jun 10 22:05:08 2019
Quartus Prime Version 18.1.0 Build 625 09/12/2018 SJ Lite Edition


---------------------
; Table of Contents ;
---------------------
  1. Legal Notice
  2. IP Upgrade Summary
  3. Successfully Upgraded IP Components
  4. IP Upgrade Messages



----------------
; Legal Notice ;
----------------
Copyright (C) 2018  Intel Corporation. All rights reserved.
Your use of Intel Corporation's design tools, logic functions 
and other software and tools, and its AMPP partner logic 
functions, and any output files from any of the foregoing 
(including device programming or simulation files), and any 
associated documentation or information are expressly subject 
to the terms and conditions of the Intel Program License 
Subscription Agreement, the Intel Quartus Prime License Agreement,
the Intel FPGA IP License Agreement, or other applicable license
agreement, including, without limitation, that your use is for
the sole purpose of programming logic devices manufactured by
Intel and sold by Intel or its authorized distributors.  Please
refer to the applicable agreement for further details.



+----------------------------------------------------------------------------+
; IP Upgrade Summary                                                         ;
+------------------------------+---------------------------------------------+
; IP Components Upgrade Status ; Passed - Mon Jun 10 22:05:08 2019           ;
; Quartus Prime Version        ; 18.1.0 Build 625 09/12/2018 SJ Lite Edition ;
; Revision Name                ; C64mod                                      ;
; Top-level Entity Name        ; C64mod                                      ;
; Family                       ; MAX 10                                      ;
+------------------------------+---------------------------------------------+


+------------------------------------------------------------------------------------------------------------------------------------------------------------------------+
; Successfully Upgraded IP Components                                                                                                                                    ;
+---------------+---------------------+---------+-------------------------------------------+----------------------+-------------------------------------------+---------+
; Entity Name   ; Component Name      ; Version ; Original Source File                      ; Generation File Path ; New Source File                           ; Message ;
+---------------+---------------------+---------+-------------------------------------------+----------------------+-------------------------------------------+---------+
; SETTINGSFLASH ; altera_onchip_flash ; 18.0    ; SETTINGSFLASH/synthesis/SETTINGSFLASH.qip ; SETTINGSFLASH.qsys   ; SETTINGSFLASH/synthesis/SETTINGSFLASH.qip ;         ;
; PLL252        ; ALTPLL              ; 18.0    ; PLL252.qip                                ; PLL252.vhd           ; PLL252.qip                                ;         ;
; PLL262        ; ALTPLL              ; 18.0    ; PLL262.qip                                ; PLL262.vhd           ; PLL262.qip                                ;         ;
+---------------+---------------------+---------+-------------------------------------------+----------------------+-------------------------------------------+---------+


+---------------------+
; IP Upgrade Messages ;
+---------------------+
Info (11902): Backing up file "SETTINGSFLASH.qsys" to "SETTINGSFLASH.BAK.qsys"
Info (11902): Backing up file "SETTINGSFLASH/synthesis/SETTINGSFLASH.vhd" to "SETTINGSFLASH.BAK.vhd"
Info (11837): Started upgrading IP component altera_onchip_flash with file "SETTINGSFLASH.qsys"
Info: 2019.06.10.22:04:13 Info: Starting to upgrade the IP cores in the Platform Designer system
Info: 2019.06.10.22:04:13 Info: Finished upgrading the ip cores
Info: 2019.06.10.22:04:43 Info: Saving generation log to C:/Users/Reinhard/Documents/GitHub/A-VideoBoard/c64mod/quartus/SETTINGSFLASH
Info: 2019.06.10.22:04:43 Info: Starting: Create simulation model
Info: 2019.06.10.22:04:43 Info: qsys-generate C:\Users\Reinhard\Documents\GitHub\A-VideoBoard\c64mod\quartus\SETTINGSFLASH.qsys --simulation=VHDL --allow-mixed-language-simulation --output-directory=C:\Users\Reinhard\Documents\GitHub\A-VideoBoard\c64mod\quartus\SETTINGSFLASH\simulation --family="MAX 10" --part=10M02SCE144C8G
Info: 2019.06.10.22:04:44 Info: Loading quartus
Info: 2019.06.10.22:04:44 Info: Reading input file
Info: 2019.06.10.22:04:44 Info: Adding onchip_flash_0 [altera_onchip_flash 18.1]
Info: 2019.06.10.22:04:44 Info: Parameterizing module onchip_flash_0
Info: 2019.06.10.22:04:44 Info: Building connections
Info: 2019.06.10.22:04:44 Info: Parameterizing connections
Info: 2019.06.10.22:04:44 Info: Validating
Info: 2019.06.10.22:04:44 Info: Done reading input file
Info: 2019.06.10.22:04:46 Info: SETTINGSFLASH: Generating SETTINGSFLASH "SETTINGSFLASH" for SIM_VHDL
Info: 2019.06.10.22:04:48 Info: onchip_flash_0: "SETTINGSFLASH" instantiated altera_onchip_flash "onchip_flash_0"
Info: 2019.06.10.22:04:48 Info: SETTINGSFLASH: Done "SETTINGSFLASH" with 2 modules, 5 files
Info: 2019.06.10.22:04:48 Info: qsys-generate succeeded.
Info: 2019.06.10.22:04:48 Info: Finished: Create simulation model
Info: 2019.06.10.22:04:48 Info: Starting: Create Modelsim Project.
Info: 2019.06.10.22:04:48 Info: sim-script-gen --spd=C:\Users\Reinhard\Documents\GitHub\A-VideoBoard\c64mod\quartus\SETTINGSFLASH\SETTINGSFLASH.spd --output-directory=C:/Users/Reinhard/Documents/GitHub/A-VideoBoard/c64mod/quartus/SETTINGSFLASH/simulation
Info: 2019.06.10.22:04:48 Info: Doing: ip-make-simscript --spd=C:\Users\Reinhard\Documents\GitHub\A-VideoBoard\c64mod\quartus\SETTINGSFLASH\SETTINGSFLASH.spd --output-directory=C:/Users/Reinhard/Documents/GitHub/A-VideoBoard/c64mod/quartus/SETTINGSFLASH/simulation
Info: 2019.06.10.22:04:51 Info: Generating the following file(s) for MODELSIM simulator in C:/Users/Reinhard/Documents/GitHub/A-VideoBoard/c64mod/quartus/SETTINGSFLASH/simulation
Info: 2019.06.10.22:04:51 Info:     mentor
Info: 2019.06.10.22:04:51 Info: Skipping VCS script generation since VHDL file $QUARTUS_INSTALL_DIR/eda/sim_lib
Info: 2019.06.10.22:04:51 Info: Generating the following file(s) for VCSMX simulator in C:/Users/Reinhard/Documents/GitHub/A-VideoBoard/c64mod/quartus/SETTINGSFLASH/simulation
Info: 2019.06.10.22:04:51 Info:     synopsys/vcsmx
Info: 2019.06.10.22:04:51 Info:     synopsys/vcsmx
Info: 2019.06.10.22:04:52 Info: Generating the following file(s) for NCSIM simulator in C:/Users/Reinhard/Documents/GitHub/A-VideoBoard/c64mod/quartus/SETTINGSFLASH/simulation
Info: 2019.06.10.22:04:52 Info:     cadence
Info: 2019.06.10.22:04:52 Info:     cadence
Info: 2019.06.10.22:04:52 Info:     cadence
Info: 2019.06.10.22:04:52 Info:     1 .cds.lib files in cadence/cds_libs
Info: 2019.06.10.22:04:52 Info: Generating the following file(s) for RIVIERA simulator in C:/Users/Reinhard/Documents/GitHub/A-VideoBoard/c64mod/quartus/SETTINGSFLASH/simulation
Info: 2019.06.10.22:04:52 Info:     aldec
Info: 2019.06.10.22:04:52 Info: For information on how to simulate your IP, see the explanatory comments in the simulator-specific subdirectories under C:/Users/Reinhard/Documents/GitHub/A-VideoBoard/c64mod/quartus/SETTINGSFLASH/simulation
Info: 2019.06.10.22:04:52 Info: Regenerate these scripts whenever you make any change to any Quartus-generated IP in your project.
Info: 2019.06.10.22:04:52 Info: Finished: Create Modelsim Project.
Info: 2019.06.10.22:04:52 Info: Starting: Create block symbol file (.bsf)
Info: 2019.06.10.22:04:52 Info: qsys-generate C:\Users\Reinhard\Documents\GitHub\A-VideoBoard\c64mod\quartus\SETTINGSFLASH.qsys --block-symbol-file --output-directory=C:\Users\Reinhard\Documents\GitHub\A-VideoBoard\c64mod\quartus\SETTINGSFLASH --family="MAX 10" --part=10M02SCE144C8G
Info: 2019.06.10.22:04:52 Info: Loading quartus
Info: 2019.06.10.22:04:52 Info: Reading input file
Info: 2019.06.10.22:04:52 Info: Adding onchip_flash_0 [altera_onchip_flash 18.1]
Info: 2019.06.10.22:04:52 Info: Parameterizing module onchip_flash_0
Info: 2019.06.10.22:04:52 Info: Building connections
Info: 2019.06.10.22:04:52 Info: Parameterizing connections
Info: 2019.06.10.22:04:52 Info: Validating
Info: 2019.06.10.22:04:52 Info: Done reading input file
Info: 2019.06.10.22:04:57 Info: qsys-generate succeeded.
Info: 2019.06.10.22:04:57 Info: Finished: Create block symbol file (.bsf)
Info: 2019.06.10.22:04:57 Info:
Info: 2019.06.10.22:04:57 Info: Starting: Create HDL design files for synthesis
Info: 2019.06.10.22:04:57 Info: qsys-generate C:\Users\Reinhard\Documents\GitHub\A-VideoBoard\c64mod\quartus\SETTINGSFLASH.qsys --synthesis=VHDL --output-directory=C:\Users\Reinhard\Documents\GitHub\A-VideoBoard\c64mod\quartus\SETTINGSFLASH\synthesis --family="MAX 10" --part=10M02SCE144C8G
Info: 2019.06.10.22:04:57 Info: Loading quartus
Info: 2019.06.10.22:04:57 Info: Reading input file
Info: 2019.06.10.22:04:57 Info: Adding onchip_flash_0 [altera_onchip_flash 18.1]
Info: 2019.06.10.22:04:57 Info: Parameterizing module onchip_flash_0
Info: 2019.06.10.22:04:57 Info: Building connections
Info: 2019.06.10.22:04:57 Info: Parameterizing connections
Info: 2019.06.10.22:04:57 Info: Validating
Info: 2019.06.10.22:04:57 Info: Done reading input file
Info: 2019.06.10.22:04:58 Info: SETTINGSFLASH: Generating SETTINGSFLASH "SETTINGSFLASH" for QUARTUS_SYNTH
Info: 2019.06.10.22:04:59 Info: onchip_flash_0: Generating top-level entity altera_onchip_flash
Info: 2019.06.10.22:04:59 Info: onchip_flash_0: "SETTINGSFLASH" instantiated altera_onchip_flash "onchip_flash_0"
Info: 2019.06.10.22:04:59 Info: SETTINGSFLASH: Done "SETTINGSFLASH" with 2 modules, 7 files
Info: 2019.06.10.22:04:59 Info: qsys-generate succeeded.
Info: 2019.06.10.22:04:59 Info: Finished: Create HDL design files for synthesis
Info (11902): Backing up file "PLL252.vhd" to "PLL252.BAK.vhd"
Info (11837): Started upgrading IP component ALTPLL with file "PLL252.vhd"
Info (11902): Backing up file "PLL262.vhd" to "PLL262.BAK.vhd"
Info (11837): Started upgrading IP component ALTPLL with file "PLL262.vhd"
Info (11131): Completed upgrading IP component altera_onchip_flash with file "SETTINGSFLASH.qsys"
Info (11131): Completed upgrading IP component ALTPLL with file "PLL252.vhd"
Info (11131): Completed upgrading IP component ALTPLL with file "PLL262.vhd"
Info (23030): Evaluation of Tcl script c:/intelfpga_lite/18.1/quartus/common/tcl/internal/ip_regen/ip_regen.tcl was successful
Info: Quartus Prime Shell was successful. 0 errors, 0 warnings
    Info: Peak virtual memory: 4870 megabytes
    Info: Processing ended: Mon Jun 10 22:05:10 2019
    Info: Elapsed time: 00:01:58
    Info: Total CPU time (on all processors): 00:03:44


