Info: Starting: Create simulation model
Info: qsys-generate C:\Users\Reinhard\Documents\GitHub\A-VideoBoard\c64mod\quartus\SETTINGSFLASH.qsys --simulation=VHDL --allow-mixed-language-simulation --output-directory=C:\Users\Reinhard\Documents\GitHub\A-VideoBoard\c64mod\quartus\SETTINGSFLASH\simulation --family="MAX 10" --part=10M02SCE144C8G
Progress: Loading quartus/SETTINGSFLASH.qsys
Progress: Reading input file
Progress: Adding onchip_flash_0 [altera_onchip_flash 18.1]
Progress: Parameterizing module onchip_flash_0
Progress: Building connections
Progress: Parameterizing connections
Progress: Validating
Progress: Done reading input file
Info: SETTINGSFLASH: Generating SETTINGSFLASH "SETTINGSFLASH" for SIM_VHDL
Info: onchip_flash_0: "SETTINGSFLASH" instantiated altera_onchip_flash "onchip_flash_0"
Info: SETTINGSFLASH: Done "SETTINGSFLASH" with 2 modules, 5 files
Info: qsys-generate succeeded.
Info: Finished: Create simulation model
Info: Starting: Create Modelsim Project.
Info: sim-script-gen --spd=C:\Users\Reinhard\Documents\GitHub\A-VideoBoard\c64mod\quartus\SETTINGSFLASH\SETTINGSFLASH.spd --output-directory=C:/Users/Reinhard/Documents/GitHub/A-VideoBoard/c64mod/quartus/SETTINGSFLASH/simulation/ --use-relative-paths=true
Info: Doing: ip-make-simscript --spd=C:\Users\Reinhard\Documents\GitHub\A-VideoBoard\c64mod\quartus\SETTINGSFLASH\SETTINGSFLASH.spd --output-directory=C:/Users/Reinhard/Documents/GitHub/A-VideoBoard/c64mod/quartus/SETTINGSFLASH/simulation/ --use-relative-paths=true
Info: Generating the following file(s) for MODELSIM simulator in C:/Users/Reinhard/Documents/GitHub/A-VideoBoard/c64mod/quartus/SETTINGSFLASH/simulation/ directory:
Info: 	mentor/msim_setup.tcl
Info: Skipping VCS script generation since VHDL file $QUARTUS_INSTALL_DIR/eda/sim_lib/altera_syn_attributes.vhd is required for simulation
Info: Generating the following file(s) for VCSMX simulator in C:/Users/Reinhard/Documents/GitHub/A-VideoBoard/c64mod/quartus/SETTINGSFLASH/simulation/ directory:
Info: 	synopsys/vcsmx/synopsys_sim.setup
Info: 	synopsys/vcsmx/vcsmx_setup.sh
Info: Generating the following file(s) for NCSIM simulator in C:/Users/Reinhard/Documents/GitHub/A-VideoBoard/c64mod/quartus/SETTINGSFLASH/simulation/ directory:
Info: 	cadence/cds.lib
Info: 	cadence/hdl.var
Info: 	cadence/ncsim_setup.sh
Info: 	1 .cds.lib files in cadence/cds_libs/ directory
Info: Generating the following file(s) for RIVIERA simulator in C:/Users/Reinhard/Documents/GitHub/A-VideoBoard/c64mod/quartus/SETTINGSFLASH/simulation/ directory:
Info: 	aldec/rivierapro_setup.tcl
Info: For information on how to simulate your IP, see the explanatory comments in the simulator-specific subdirectories under C:/Users/Reinhard/Documents/GitHub/A-VideoBoard/c64mod/quartus/SETTINGSFLASH/simulation/.
Info: Regenerate these scripts whenever you make any change to any Quartus-generated IP in your project.
Info: Finished: Create Modelsim Project.
Info: Starting: Create block symbol file (.bsf)
Info: qsys-generate C:\Users\Reinhard\Documents\GitHub\A-VideoBoard\c64mod\quartus\SETTINGSFLASH.qsys --block-symbol-file --output-directory=C:\Users\Reinhard\Documents\GitHub\A-VideoBoard\c64mod\quartus\SETTINGSFLASH --family="MAX 10" --part=10M02SCE144C8G
Progress: Loading quartus/SETTINGSFLASH.qsys
Progress: Reading input file
Progress: Adding onchip_flash_0 [altera_onchip_flash 18.1]
Progress: Parameterizing module onchip_flash_0
Progress: Building connections
Progress: Parameterizing connections
Progress: Validating
Progress: Done reading input file
Info: qsys-generate succeeded.
Info: Finished: Create block symbol file (.bsf)
Info: 
Info: Starting: Create HDL design files for synthesis
Info: qsys-generate C:\Users\Reinhard\Documents\GitHub\A-VideoBoard\c64mod\quartus\SETTINGSFLASH.qsys --synthesis=VHDL --output-directory=C:\Users\Reinhard\Documents\GitHub\A-VideoBoard\c64mod\quartus\SETTINGSFLASH\synthesis --family="MAX 10" --part=10M02SCE144C8G
Progress: Loading quartus/SETTINGSFLASH.qsys
Progress: Reading input file
Progress: Adding onchip_flash_0 [altera_onchip_flash 18.1]
Progress: Parameterizing module onchip_flash_0
Progress: Building connections
Progress: Parameterizing connections
Progress: Validating
Progress: Done reading input file
Info: SETTINGSFLASH: Generating SETTINGSFLASH "SETTINGSFLASH" for QUARTUS_SYNTH
Info: onchip_flash_0: Generating top-level entity altera_onchip_flash
Info: onchip_flash_0: "SETTINGSFLASH" instantiated altera_onchip_flash "onchip_flash_0"
Info: SETTINGSFLASH: Done "SETTINGSFLASH" with 2 modules, 7 files
Info: qsys-generate succeeded.
Info: Finished: Create HDL design files for synthesis
